Example app listening on port 80!
Time: 1569882195650: /AutoUploader
Time: 1569882195748: /css/style.css
Time: 1569882195756: /vendors/js/jquery.min.js
Time: 1569882195790: /vendors/js/popper.min.js
Time: 1569882195800: /vendors/js/angular-animate.min.js
Time: 1569882195801: /vendors/js/bootstrap.min.js
Time: 1569882195811: /vendors/js/angular-sanitize.min.js
Time: 1569882195811: /vendors/js/angular.min.js
Time: 1569882195815: /vendors/js/angular-ui-router.min.js
Time: 1569882195832: /vendors/js/ocLazyLoad.min.js
Time: 1569882195840: /vendors/js/angular-breadcrumb.min.js
Time: 1569882195844: /vendors/js/loading-bar.min.js
Time: 1569882195854: /js/app.js
Time: 1569882195860: /js/routes.js
Time: 1569882195860: /js/demo/routes.js
Time: 1569882195873: /js/controllers.js
Time: 1569882195879: /js/services/Authentication.js
Time: 1569882195891: /js/services/SetUser.js
Time: 1569882195896: /js/services/UploadInvoiceService.js
Time: 1569882195901: /js/controllers/AutoUploaderController.js
Time: 1569882195901: /js/controllers/LoginController.js
Time: 1569882195914: /js/controllers/UploadInvoicesController.js
Time: 1569882195920: /js/controllers/RegisterController.js
Time: 1569882195929: /js/controllers/DashboardController.js
Time: 1569882195935: /js/directives.js
Time: 1569882195939: /vendors/js/popper.min.js.map
Time: 1569882195942: /vendors/js/bootstrap.min.js.map
Time: 1569882195953: /vendors/js/angular.min.js.map
Time: 1569882195959: /vendors/js/angular-animate.min.js.map
Time: 1569882195968: /vendors/js/angular-sanitize.min.js.map
Time: 1569882195973: /vendors/js/angular-ui-router.min.js.map
Time: 1569882196062: /vendors/css/flag-icon.min.css
Time: 1569882196062: /vendors/css/font-awesome.min.css
Time: 1569882196063: /vendors/js/Chart.min.js
Time: 1569882196069: /vendors/css/simple-line-icons.min.css
Time: 1569882196069: /img/favicon.png
Time: 1569882196132: /vendors/js/angular-chart.min.js
Time: 1569882196171: /vendors/js/angular-chart.min.js.map
Time: 1569882196183: /views/common/layouts/full.html
Time: 1569882196183: /views/AutoGmailUploader.html
Time: 1569882196267: /views/common/navbar.html
Time: 1569882196267: /views/common/sidebar-nav.html
Time: 1569882196268: /views/common/footer.html
Time: 1569882196268: /views/common/aside.html
Time: 1569882196321: /vendors/fonts/Simple-Line-Icons.woff2?v=2.4.0
Time: 1569882196322: /vendors/fonts/fontawesome-webfont.woff2?v=4.7.0
Time: 1569882196330: /img/avatars/6.png
Time: 1569882196340: /img/logo.png
Time: 1569882196368: /img/avatars/7.jpg
Time: 1569882196368: /img/avatars/4.jpg
